<?xml version="1.0" encoding="UTF-8"?>
<!-- Generated by org.testng.reporters.JUnitXMLReporter -->
<testsuite ignored="0" hostname="AX15" failures="4" tests="21" name="ChromeTest" time="166.412" errors="0" timestamp="2025-03-13T10:49:35 EDT">
  <testcase classname="dsAlgo_BaseClass.BaseClass" name="validLoginDataBase" time="2.881"/>
  <testcase classname="dsAlgo_TestClasses.Stack_TestClass" name="callValidLogInData" time="3.384"/>
  <testcase classname="dsAlgo_TestClasses.Stack_TestClass" name="OperationsInStack" time="4.163"/>
  <testcase classname="dsAlgo_TestClasses.Stack_TestClass" name="Implementation" time="3.868"/>
  <testcase classname="dsAlgo_TestClasses.Stack_TestClass" name="Stack_Applications" time="4.428"/>
  <testcase classname="dsAlgo_TestClasses.Stack_TestClass" name="checkErrorMessageWhenExecutingWithoutenteringCodeInOperationsInStackPage" time="6.198">
    <failure type="java.lang.AssertionError" message="Test failed: Expected an error message when clicking the &amp;apos;Run&amp;apos; button without entering code, but no message was displayed.">
      <![CDATA[java.lang.AssertionError: Test failed: Expected an error message when clicking the 'Run' button without entering code, but no message was displayed.
at dsAlgo_TestClasses.Stack_TestClass.checkErrorMessageWhenExecutingWithoutenteringCodeInOperationsInStackPage(Stack_TestClass.java:75)
at java.base/java.util.ArrayList.forEach(ArrayList.java:1597)
... Removed 26 stack frames]]>
    </failure>
  </testcase> <!-- checkErrorMessageWhenExecutingWithoutenteringCodeInOperationsInStackPage -->
  <testcase classname="dsAlgo_TestClasses.Stack_TestClass" name="OperationsInStacktryeditor" time="6.63"/>
  <testcase classname="dsAlgo_TestClasses.Stack_TestClass" name="OperationsInStacktryeditor" time="6.771"/>
  <testcase classname="dsAlgo_TestClasses.Stack_TestClass" name="OperationsInStacktryeditor" time="6.19"/>
  <testcase classname="dsAlgo_TestClasses.Stack_TestClass" name="navigatebacktoOperationsinstack" time="5.664"/>
  <testcase classname="dsAlgo_TestClasses.Stack_TestClass" name="checkErrorMessageWhenExecutingWithoutenteringCodeInImplementation" time="5.326">
    <failure type="java.lang.AssertionError" message="Test failed: Expected an error message when clicking the &amp;apos;Run&amp;apos; button without entering code, but no message was displayed.">
      <![CDATA[java.lang.AssertionError: Test failed: Expected an error message when clicking the 'Run' button without entering code, but no message was displayed.
at dsAlgo_TestClasses.Stack_TestClass.checkErrorMessageWhenExecutingWithoutenteringCodeInImplementation(Stack_TestClass.java:106)
at java.base/java.util.ArrayList.forEach(ArrayList.java:1597)
... Removed 26 stack frames]]>
    </failure>
  </testcase> <!-- checkErrorMessageWhenExecutingWithoutenteringCodeInImplementation -->
  <testcase classname="dsAlgo_TestClasses.Stack_TestClass" name="Implementationtryeditor" time="6.008"/>
  <testcase classname="dsAlgo_TestClasses.Stack_TestClass" name="Implementationtryeditor" time="5.996"/>
  <testcase classname="dsAlgo_TestClasses.Stack_TestClass" name="Implementationtryeditor" time="5.899"/>
  <testcase classname="dsAlgo_TestClasses.Stack_TestClass" name="navigatebacktoImplementation" time="5.249"/>
  <testcase classname="dsAlgo_TestClasses.Stack_TestClass" name="checkErrorMessageWhenExecutingWithoutenteringCodeInApplication" time="5.406">
    <failure type="java.lang.AssertionError" message="Test failed: Expected an error message when clicking the &amp;apos;Run&amp;apos; button without entering code, but no message was displayed.">
      <![CDATA[java.lang.AssertionError: Test failed: Expected an error message when clicking the 'Run' button without entering code, but no message was displayed.
at dsAlgo_TestClasses.Stack_TestClass.checkErrorMessageWhenExecutingWithoutenteringCodeInApplication(Stack_TestClass.java:138)
at java.base/java.util.ArrayList.forEach(ArrayList.java:1597)
... Removed 26 stack frames]]>
    </failure>
  </testcase> <!-- checkErrorMessageWhenExecutingWithoutenteringCodeInApplication -->
  <testcase classname="dsAlgo_TestClasses.Stack_TestClass" name="Applicationtryeditor" time="5.867"/>
  <testcase classname="dsAlgo_TestClasses.Stack_TestClass" name="Applicationtryeditor" time="5.988"/>
  <testcase classname="dsAlgo_TestClasses.Stack_TestClass" name="Applicationtryeditor" time="5.919"/>
  <testcase classname="dsAlgo_TestClasses.Stack_TestClass" name="navigatebacktoStackApplication" time="5.299"/>
  <testcase classname="dsAlgo_TestClasses.Stack_TestClass" name="navigateToOperationsInStackPracticeQuestions" time="8.886">
    <failure type="org.openqa.selenium.NoSuchElementException" message="no such element: Unable to locate element: {&amp;quot;method&amp;quot;:&amp;quot;xpath&amp;quot;,&amp;quot;selector&amp;quot;:&amp;quot;./div&amp;quot;}
  (Session info: chrome=134.0.6998.36)
For documentation on this error, please visit: https://www.selenium.dev/documentation/webdriver/troubleshooting/errors#no-such-element-exception
Build info: version: &amp;apos;4.29.0&amp;apos;, revision: &amp;apos;5fc1ec94cb&amp;apos;
System info: os.name: &amp;apos;Windows 11&amp;apos;, os.arch: &amp;apos;amd64&amp;apos;, os.version: &amp;apos;10.0&amp;apos;, java.version: &amp;apos;23.0.1&amp;apos;
Driver info: org.openqa.selenium.chrome.ChromeDriver
Command: [8e278fdd30d017855b527e1412bb3ea9, findElement {using=xpath, value=./div}]
Capabilities {acceptInsecureCerts: false, browserName: chrome, browserVersion: 134.0.6998.36, chrome: {chromedriverVersion: 134.0.6998.88 (7e3d5c978c6d..., userDataDir: C:\Users\VIJAYA~1\AppData\L...}, fedcm:accounts: true, goog:chromeOptions: {debuggerAddress: localhost:52829}, networkConnectionEnabled: false, pageLoadStrategy: normal, platformName: windows, proxy: Proxy(), se:cdp: ws://localhost:52829/devtoo..., se:cdpVersion: 134.0.6998.36, setWindowRect: true, strictFileInteractability: false, timeouts: {implicit: 0, pageLoad: 300000, script: 30000}, unhandledPromptBehavior: dismiss and notify, webauthn:extension:credBlob: true, webauthn:extension:largeBlob: true, webauthn:extension:minPinLength: true, webauthn:extension:prf: true, webauthn:virtualAuthenticators: true}
Session ID: 8e278fdd30d017855b527e1412bb3ea9">
      <![CDATA[org.openqa.selenium.NoSuchElementException: no such element: Unable to locate element: {"method":"xpath","selector":"./div"}
  (Session info: chrome=134.0.6998.36)
For documentation on this error, please visit: https://www.selenium.dev/documentation/webdriver/troubleshooting/errors#no-such-element-exception
Build info: version: '4.29.0', revision: '5fc1ec94cb'
System info: os.name: 'Windows 11', os.arch: 'amd64', os.version: '10.0', java.version: '23.0.1'
Driver info: org.openqa.selenium.chrome.ChromeDriver
Command: [8e278fdd30d017855b527e1412bb3ea9, findElement {using=xpath, value=./div}]
Capabilities {acceptInsecureCerts: false, browserName: chrome, browserVersion: 134.0.6998.36, chrome: {chromedriverVersion: 134.0.6998.88 (7e3d5c978c6d..., userDataDir: C:\Users\VIJAYA~1\AppData\L...}, fedcm:accounts: true, goog:chromeOptions: {debuggerAddress: localhost:52829}, networkConnectionEnabled: false, pageLoadStrategy: normal, platformName: windows, proxy: Proxy(), se:cdp: ws://localhost:52829/devtoo..., se:cdpVersion: 134.0.6998.36, setWindowRect: true, strictFileInteractability: false, timeouts: {implicit: 0, pageLoad: 300000, script: 30000}, unhandledPromptBehavior: dismiss and notify, webauthn:extension:credBlob: true, webauthn:extension:largeBlob: true, webauthn:extension:minPinLength: true, webauthn:extension:prf: true, webauthn:virtualAuthenticators: true}
Session ID: 8e278fdd30d017855b527e1412bb3ea9
at org.openqa.selenium.remote.ErrorCodec.decode(ErrorCodec.java:167)
at org.openqa.selenium.remote.codec.w3c.W3CHttpResponseCodec.decode(W3CHttpResponseCodec.java:138)
at org.openqa.selenium.remote.codec.w3c.W3CHttpResponseCodec.decode(W3CHttpResponseCodec.java:50)
at org.openqa.selenium.remote.HttpCommandExecutor.execute(HttpCommandExecutor.java:215)
at org.openqa.selenium.remote.service.DriverCommandExecutor.invokeExecute(DriverCommandExecutor.java:216)
at org.openqa.selenium.remote.service.DriverCommandExecutor.execute(DriverCommandExecutor.java:174)
at org.openqa.selenium.remote.RemoteWebDriver.execute(RemoteWebDriver.java:545)
at org.openqa.selenium.remote.ElementLocation$ElementFinder$2.findElement(ElementLocation.java:165)
at org.openqa.selenium.remote.ElementLocation.findElement(ElementLocation.java:59)
at org.openqa.selenium.remote.RemoteWebDriver.findElement(RemoteWebDriver.java:368)
at org.openqa.selenium.remote.RemoteWebDriver.findElement(RemoteWebDriver.java:362)
at org.openqa.selenium.support.pagefactory.DefaultElementLocator.findElement(DefaultElementLocator.java:68)
at org.openqa.selenium.support.pagefactory.internal.LocatingElementHandler.invoke(LocatingElementHandler.java:38)
at jdk.proxy2/jdk.proxy2.$Proxy26.getText(Unknown Source)
at dsAlgo_PageFactory.Stack_PageFactory.childelements(Stack_PageFactory.java:154)
at dsAlgo_TestClasses.Stack_TestClass.navigateToOperationsInStackPracticeQuestions(Stack_TestClass.java:167)
at java.base/java.util.ArrayList.forEach(ArrayList.java:1597)
... Removed 28 stack frames]]>
    </failure>
  </testcase> <!-- navigateToOperationsInStackPracticeQuestions -->
</testsuite> <!-- ChromeTest -->
