<?xml version="1.0" encoding="UTF-8"?>
<testng-results ignored="0" total="21" passed="17" failed="4" skipped="0">
  <reporter-output>
  </reporter-output>
  <suite started-at="2025-03-13T10:46:48 EDT" name="Suite" finished-at="2025-03-13T10:49:35 EDT" duration-ms="166412">
    <groups>
    </groups>
    <test started-at="2025-03-13T10:46:48 EDT" name="ChromeTest" finished-at="2025-03-13T10:49:35 EDT" duration-ms="166412">
      <class name="dsAlgo_TestClasses.Stack_TestClass">
        <test-method is-config="true" signature="setup(java.lang.String)[pri:0, instance:dsAlgo_TestClasses.Stack_TestClass@12e0f1cb, instance params:[Codecrackers, Numpyninja@2025]]" started-at="2025-03-13T10:46:49 EDT" name="setup" finished-at="2025-03-13T10:46:52 EDT" duration-ms="3200" status="PASS">
          <params>
            <param index="0">
              <value>
                <![CDATA[chrome]]>
              </value>
            </param>
          </params>
          <reporter-output>
          </reporter-output>
        </test-method> <!-- setup -->
        <test-method signature="validLoginDataBase(java.lang.String,java.lang.String)[pri:0, instance:dsAlgo_TestClasses.Stack_TestClass@12e0f1cb, instance params:[Codecrackers, Numpyninja@2025]]" started-at="2025-03-13T10:46:52 EDT" name="validLoginDataBase" data-provider="validLoginDataBaseClass" finished-at="2025-03-13T10:46:55 EDT" duration-ms="2881" status="PASS">
          <params>
            <param index="0">
              <value>
                <![CDATA[Codecrackers]]>
              </value>
            </param>
            <param index="1">
              <value>
                <![CDATA[Numpyninja@2025]]>
              </value>
            </param>
          </params>
          <reporter-output>
          </reporter-output>
        </test-method> <!-- validLoginDataBase -->
        <test-method is-config="true" signature="takeScreenshotOnFailure(org.testng.ITestResult)[pri:0, instance:dsAlgo_TestClasses.Stack_TestClass@12e0f1cb, instance params:[Codecrackers, Numpyninja@2025]]" started-at="2025-03-13T10:46:55 EDT" name="takeScreenshotOnFailure" finished-at="2025-03-13T10:46:55 EDT" duration-ms="3" status="PASS">
          <params>
            <param index="0">
              <value>
                <![CDATA[[TestResult name=validLoginDataBase status=SUCCESS method=BaseClass.validLoginDataBase(java.lang.String,java.lang.String)[pri:0, instance:dsAlgo_TestClasses.Stack_TestClass@12e0f1cb, instance params:[Codecrackers, Numpyninja@2025]] output={null}]]]>
              </value>
            </param>
          </params>
          <reporter-output>
          </reporter-output>
        </test-method> <!-- takeScreenshotOnFailure -->
        <test-method is-config="true" signature="tearDown()[pri:0, instance:dsAlgo_TestClasses.Stack_TestClass@12e0f1cb, instance params:[Codecrackers, Numpyninja@2025]]" started-at="2025-03-13T10:46:55 EDT" name="tearDown" finished-at="2025-03-13T10:46:56 EDT" duration-ms="681" status="PASS">
          <reporter-output>
          </reporter-output>
        </test-method> <!-- tearDown -->
        <test-method is-config="true" signature="setup(java.lang.String)[pri:0, instance:dsAlgo_TestClasses.Stack_TestClass@12e0f1cb, instance params:[Codecrackers, Numpyninja@2025]]" started-at="2025-03-13T10:46:56 EDT" name="setup" finished-at="2025-03-13T10:46:57 EDT" duration-ms="1662" status="PASS">
          <params>
            <param index="0">
              <value>
                <![CDATA[chrome]]>
              </value>
            </param>
          </params>
          <reporter-output>
          </reporter-output>
        </test-method> <!-- setup -->
        <test-method signature="callValidLogInData()[pri:0, instance:dsAlgo_TestClasses.Stack_TestClass@12e0f1cb, instance params:[Codecrackers, Numpyninja@2025]]" started-at="2025-03-13T10:46:57 EDT" name="callValidLogInData" finished-at="2025-03-13T10:47:01 EDT" duration-ms="3384" status="PASS">
          <reporter-output>
          </reporter-output>
        </test-method> <!-- callValidLogInData -->
        <test-method is-config="true" signature="takeScreenshotOnFailure(org.testng.ITestResult)[pri:0, instance:dsAlgo_TestClasses.Stack_TestClass@12e0f1cb, instance params:[Codecrackers, Numpyninja@2025]]" started-at="2025-03-13T10:47:01 EDT" name="takeScreenshotOnFailure" finished-at="2025-03-13T10:47:01 EDT" duration-ms="1" status="PASS">
          <params>
            <param index="0">
              <value>
                <![CDATA[[TestResult name=callValidLogInData status=SUCCESS method=Stack_TestClass.callValidLogInData()[pri:0, instance:dsAlgo_TestClasses.Stack_TestClass@12e0f1cb, instance params:[Codecrackers, Numpyninja@2025]] output={null}]]]>
              </value>
            </param>
          </params>
          <reporter-output>
          </reporter-output>
        </test-method> <!-- takeScreenshotOnFailure -->
        <test-method is-config="true" signature="tearDown()[pri:0, instance:dsAlgo_TestClasses.Stack_TestClass@12e0f1cb, instance params:[Codecrackers, Numpyninja@2025]]" started-at="2025-03-13T10:47:01 EDT" name="tearDown" finished-at="2025-03-13T10:47:01 EDT" duration-ms="468" status="PASS">
          <reporter-output>
          </reporter-output>
        </test-method> <!-- tearDown -->
        <test-method is-config="true" signature="setup(java.lang.String)[pri:0, instance:dsAlgo_TestClasses.Stack_TestClass@12e0f1cb, instance params:[Codecrackers, Numpyninja@2025]]" started-at="2025-03-13T10:47:01 EDT" name="setup" finished-at="2025-03-13T10:47:03 EDT" duration-ms="1729" status="PASS">
          <params>
            <param index="0">
              <value>
                <![CDATA[chrome]]>
              </value>
            </param>
          </params>
          <reporter-output>
          </reporter-output>
        </test-method> <!-- setup -->
        <test-method signature="OperationsInStack()[pri:1, instance:dsAlgo_TestClasses.Stack_TestClass@12e0f1cb, instance params:[Codecrackers, Numpyninja@2025]]" started-at="2025-03-13T10:47:03 EDT" name="OperationsInStack" finished-at="2025-03-13T10:47:07 EDT" duration-ms="4163" status="PASS">
          <reporter-output>
          </reporter-output>
        </test-method> <!-- OperationsInStack -->
        <test-method is-config="true" signature="takeScreenshotOnFailure(org.testng.ITestResult)[pri:0, instance:dsAlgo_TestClasses.Stack_TestClass@12e0f1cb, instance params:[Codecrackers, Numpyninja@2025]]" started-at="2025-03-13T10:47:07 EDT" name="takeScreenshotOnFailure" finished-at="2025-03-13T10:47:07 EDT" duration-ms="1" status="PASS">
          <params>
            <param index="0">
              <value>
                <![CDATA[[TestResult name=OperationsInStack status=SUCCESS method=Stack_TestClass.OperationsInStack()[pri:1, instance:dsAlgo_TestClasses.Stack_TestClass@12e0f1cb, instance params:[Codecrackers, Numpyninja@2025]] output={null}]]]>
              </value>
            </param>
          </params>
          <reporter-output>
          </reporter-output>
        </test-method> <!-- takeScreenshotOnFailure -->
        <test-method is-config="true" signature="tearDown()[pri:0, instance:dsAlgo_TestClasses.Stack_TestClass@12e0f1cb, instance params:[Codecrackers, Numpyninja@2025]]" started-at="2025-03-13T10:47:07 EDT" name="tearDown" finished-at="2025-03-13T10:47:08 EDT" duration-ms="635" status="PASS">
          <reporter-output>
          </reporter-output>
        </test-method> <!-- tearDown -->
        <test-method is-config="true" signature="setup(java.lang.String)[pri:0, instance:dsAlgo_TestClasses.Stack_TestClass@12e0f1cb, instance params:[Codecrackers, Numpyninja@2025]]" started-at="2025-03-13T10:47:08 EDT" name="setup" finished-at="2025-03-13T10:47:10 EDT" duration-ms="1816" status="PASS">
          <params>
            <param index="0">
              <value>
                <![CDATA[chrome]]>
              </value>
            </param>
          </params>
          <reporter-output>
          </reporter-output>
        </test-method> <!-- setup -->
        <test-method signature="Implementation()[pri:2, instance:dsAlgo_TestClasses.Stack_TestClass@12e0f1cb, instance params:[Codecrackers, Numpyninja@2025]]" started-at="2025-03-13T10:47:10 EDT" name="Implementation" finished-at="2025-03-13T10:47:14 EDT" duration-ms="3868" status="PASS">
          <reporter-output>
          </reporter-output>
        </test-method> <!-- Implementation -->
        <test-method is-config="true" signature="takeScreenshotOnFailure(org.testng.ITestResult)[pri:0, instance:dsAlgo_TestClasses.Stack_TestClass@12e0f1cb, instance params:[Codecrackers, Numpyninja@2025]]" started-at="2025-03-13T10:47:14 EDT" name="takeScreenshotOnFailure" finished-at="2025-03-13T10:47:14 EDT" duration-ms="1" status="PASS">
          <params>
            <param index="0">
              <value>
                <![CDATA[[TestResult name=Implementation status=SUCCESS method=Stack_TestClass.Implementation()[pri:2, instance:dsAlgo_TestClasses.Stack_TestClass@12e0f1cb, instance params:[Codecrackers, Numpyninja@2025]] output={null}]]]>
              </value>
            </param>
          </params>
          <reporter-output>
          </reporter-output>
        </test-method> <!-- takeScreenshotOnFailure -->
        <test-method is-config="true" signature="tearDown()[pri:0, instance:dsAlgo_TestClasses.Stack_TestClass@12e0f1cb, instance params:[Codecrackers, Numpyninja@2025]]" started-at="2025-03-13T10:47:14 EDT" name="tearDown" finished-at="2025-03-13T10:47:14 EDT" duration-ms="617" status="PASS">
          <reporter-output>
          </reporter-output>
        </test-method> <!-- tearDown -->
        <test-method is-config="true" signature="setup(java.lang.String)[pri:0, instance:dsAlgo_TestClasses.Stack_TestClass@12e0f1cb, instance params:[Codecrackers, Numpyninja@2025]]" started-at="2025-03-13T10:47:14 EDT" name="setup" finished-at="2025-03-13T10:47:16 EDT" duration-ms="1683" status="PASS">
          <params>
            <param index="0">
              <value>
                <![CDATA[chrome]]>
              </value>
            </param>
          </params>
          <reporter-output>
          </reporter-output>
        </test-method> <!-- setup -->
        <test-method signature="Stack_Applications()[pri:3, instance:dsAlgo_TestClasses.Stack_TestClass@12e0f1cb, instance params:[Codecrackers, Numpyninja@2025]]" started-at="2025-03-13T10:47:16 EDT" name="Stack_Applications" finished-at="2025-03-13T10:47:20 EDT" duration-ms="4428" status="PASS">
          <reporter-output>
          </reporter-output>
        </test-method> <!-- Stack_Applications -->
        <test-method is-config="true" signature="takeScreenshotOnFailure(org.testng.ITestResult)[pri:0, instance:dsAlgo_TestClasses.Stack_TestClass@12e0f1cb, instance params:[Codecrackers, Numpyninja@2025]]" started-at="2025-03-13T10:47:20 EDT" name="takeScreenshotOnFailure" finished-at="2025-03-13T10:47:20 EDT" duration-ms="1" status="PASS">
          <params>
            <param index="0">
              <value>
                <![CDATA[[TestResult name=Stack_Applications status=SUCCESS method=Stack_TestClass.Stack_Applications()[pri:3, instance:dsAlgo_TestClasses.Stack_TestClass@12e0f1cb, instance params:[Codecrackers, Numpyninja@2025]] output={null}]]]>
              </value>
            </param>
          </params>
          <reporter-output>
          </reporter-output>
        </test-method> <!-- takeScreenshotOnFailure -->
        <test-method is-config="true" signature="tearDown()[pri:0, instance:dsAlgo_TestClasses.Stack_TestClass@12e0f1cb, instance params:[Codecrackers, Numpyninja@2025]]" started-at="2025-03-13T10:47:20 EDT" name="tearDown" finished-at="2025-03-13T10:47:21 EDT" duration-ms="599" status="PASS">
          <reporter-output>
          </reporter-output>
        </test-method> <!-- tearDown -->
        <test-method is-config="true" signature="setup(java.lang.String)[pri:0, instance:dsAlgo_TestClasses.Stack_TestClass@12e0f1cb, instance params:[Codecrackers, Numpyninja@2025]]" started-at="2025-03-13T10:47:21 EDT" name="setup" finished-at="2025-03-13T10:47:23 EDT" duration-ms="1735" status="PASS">
          <params>
            <param index="0">
              <value>
                <![CDATA[chrome]]>
              </value>
            </param>
          </params>
          <reporter-output>
          </reporter-output>
        </test-method> <!-- setup -->
        <test-method signature="checkErrorMessageWhenExecutingWithoutenteringCodeInOperationsInStackPage()[pri:4, instance:dsAlgo_TestClasses.Stack_TestClass@12e0f1cb, instance params:[Codecrackers, Numpyninja@2025]]" started-at="2025-03-13T10:47:23 EDT" name="checkErrorMessageWhenExecutingWithoutenteringCodeInOperationsInStackPage" finished-at="2025-03-13T10:47:29 EDT" duration-ms="6198" status="FAIL">
          <exception class="java.lang.AssertionError">
            <message>
              <![CDATA[Test failed: Expected an error message when clicking the 'Run' button without entering code, but no message was displayed.]]>
            </message>
            <full-stacktrace>
              <![CDATA[java.lang.AssertionError: Test failed: Expected an error message when clicking the 'Run' button without entering code, but no message was displayed.
at org.testng.Assert.fail(Assert.java:111)
at dsAlgo_TestClasses.Stack_TestClass.checkErrorMessageWhenExecutingWithoutenteringCodeInOperationsInStackPage(Stack_TestClass.java:75)
at java.base/jdk.internal.reflect.DirectMethodHandleAccessor.invoke(DirectMethodHandleAccessor.java:103)
at java.base/java.lang.reflect.Method.invoke(Method.java:580)
at org.testng.internal.invokers.MethodInvocationHelper.invokeMethod(MethodInvocationHelper.java:141)
at org.testng.internal.invokers.TestInvoker.invokeMethod(TestInvoker.java:687)
at org.testng.internal.invokers.TestInvoker.invokeTestMethod(TestInvoker.java:230)
at org.testng.internal.invokers.MethodRunner.runInSequence(MethodRunner.java:63)
at org.testng.internal.invokers.TestInvoker$MethodInvocationAgent.invoke(TestInvoker.java:995)
at org.testng.internal.invokers.TestInvoker.invokeTestMethods(TestInvoker.java:203)
at org.testng.internal.invokers.TestMethodWorker.invokeTestMethods(TestMethodWorker.java:154)
at org.testng.internal.invokers.TestMethodWorker.run(TestMethodWorker.java:134)
at java.base/java.util.ArrayList.forEach(ArrayList.java:1597)
at org.testng.TestRunner.privateRun(TestRunner.java:741)
at org.testng.TestRunner.run(TestRunner.java:616)
at org.testng.SuiteRunner.runTest(SuiteRunner.java:421)
at org.testng.SuiteRunner.runSequentially(SuiteRunner.java:413)
at org.testng.SuiteRunner.privateRun(SuiteRunner.java:373)
at org.testng.SuiteRunner.run(SuiteRunner.java:312)
at org.testng.SuiteRunnerWorker.runSuite(SuiteRunnerWorker.java:52)
at org.testng.SuiteRunnerWorker.run(SuiteRunnerWorker.java:95)
at org.testng.TestNG.runSuitesSequentially(TestNG.java:1274)
at org.testng.TestNG.runSuitesLocally(TestNG.java:1208)
at org.testng.TestNG.runSuites(TestNG.java:1112)
at org.testng.TestNG.run(TestNG.java:1079)
at org.testng.remote.AbstractRemoteTestNG.run(AbstractRemoteTestNG.java:115)
at org.testng.remote.RemoteTestNG.initAndRun(RemoteTestNG.java:293)
at org.testng.remote.RemoteTestNG.main(RemoteTestNG.java:91)
]]>
            </full-stacktrace>
          </exception> <!-- java.lang.AssertionError -->
          <reporter-output>
          </reporter-output>
        </test-method> <!-- checkErrorMessageWhenExecutingWithoutenteringCodeInOperationsInStackPage -->
        <test-method is-config="true" signature="takeScreenshotOnFailure(org.testng.ITestResult)[pri:0, instance:dsAlgo_TestClasses.Stack_TestClass@12e0f1cb, instance params:[Codecrackers, Numpyninja@2025]]" started-at="2025-03-13T10:47:29 EDT" name="takeScreenshotOnFailure" finished-at="2025-03-13T10:47:29 EDT" duration-ms="128" status="PASS">
          <params>
            <param index="0">
              <value>
                <![CDATA[[TestResult name=checkErrorMessageWhenExecutingWithoutenteringCodeInOperationsInStackPage status=FAILURE method=Stack_TestClass.checkErrorMessageWhenExecutingWithoutenteringCodeInOperationsInStackPage()[pri:4, instance:dsAlgo_TestClasses.Stack_TestClass@12e0f1cb, instance params:[Codecrackers, Numpyninja@2025]] output={null}]]]>
              </value>
            </param>
          </params>
          <reporter-output>
          </reporter-output>
        </test-method> <!-- takeScreenshotOnFailure -->
        <test-method is-config="true" signature="tearDown()[pri:0, instance:dsAlgo_TestClasses.Stack_TestClass@12e0f1cb, instance params:[Codecrackers, Numpyninja@2025]]" started-at="2025-03-13T10:47:29 EDT" name="tearDown" finished-at="2025-03-13T10:47:30 EDT" duration-ms="800" status="PASS">
          <reporter-output>
          </reporter-output>
        </test-method> <!-- tearDown -->
        <test-method is-config="true" signature="setup(java.lang.String)[pri:0, instance:dsAlgo_TestClasses.Stack_TestClass@12e0f1cb, instance params:[Codecrackers, Numpyninja@2025]]" started-at="2025-03-13T10:47:30 EDT" name="setup" finished-at="2025-03-13T10:47:32 EDT" duration-ms="1614" status="PASS">
          <params>
            <param index="0">
              <value>
                <![CDATA[chrome]]>
              </value>
            </param>
          </params>
          <reporter-output>
          </reporter-output>
        </test-method> <!-- setup -->
        <test-method signature="OperationsInStacktryeditor(java.lang.String,int)[pri:5, instance:dsAlgo_TestClasses.Stack_TestClass@12e0f1cb, instance params:[Codecrackers, Numpyninja@2025]]" started-at="2025-03-13T10:47:32 EDT" name="OperationsInStacktryeditor" data-provider="pythoncode_tryeditor" finished-at="2025-03-13T10:47:38 EDT" duration-ms="6630" status="PASS">
          <params>
            <param index="0">
              <value>
                <![CDATA[TryEditor]]>
              </value>
            </param>
            <param index="1">
              <value>
                <![CDATA[1]]>
              </value>
            </param>
          </params>
          <reporter-output>
          </reporter-output>
        </test-method> <!-- OperationsInStacktryeditor -->
        <test-method is-config="true" signature="takeScreenshotOnFailure(org.testng.ITestResult)[pri:0, instance:dsAlgo_TestClasses.Stack_TestClass@12e0f1cb, instance params:[Codecrackers, Numpyninja@2025]]" started-at="2025-03-13T10:47:38 EDT" name="takeScreenshotOnFailure" finished-at="2025-03-13T10:47:38 EDT" duration-ms="1" status="PASS">
          <params>
            <param index="0">
              <value>
                <![CDATA[[TestResult name=OperationsInStacktryeditor status=SUCCESS method=Stack_TestClass.OperationsInStacktryeditor(java.lang.String,int)[pri:5, instance:dsAlgo_TestClasses.Stack_TestClass@12e0f1cb, instance params:[Codecrackers, Numpyninja@2025]] output={null}]]]>
              </value>
            </param>
          </params>
          <reporter-output>
          </reporter-output>
        </test-method> <!-- takeScreenshotOnFailure -->
        <test-method is-config="true" signature="tearDown()[pri:0, instance:dsAlgo_TestClasses.Stack_TestClass@12e0f1cb, instance params:[Codecrackers, Numpyninja@2025]]" started-at="2025-03-13T10:47:38 EDT" name="tearDown" finished-at="2025-03-13T10:47:39 EDT" duration-ms="732" status="PASS">
          <reporter-output>
          </reporter-output>
        </test-method> <!-- tearDown -->
        <test-method is-config="true" signature="setup(java.lang.String)[pri:0, instance:dsAlgo_TestClasses.Stack_TestClass@12e0f1cb, instance params:[Codecrackers, Numpyninja@2025]]" started-at="2025-03-13T10:47:39 EDT" name="setup" finished-at="2025-03-13T10:47:41 EDT" duration-ms="1869" status="PASS">
          <params>
            <param index="0">
              <value>
                <![CDATA[chrome]]>
              </value>
            </param>
          </params>
          <reporter-output>
          </reporter-output>
        </test-method> <!-- setup -->
        <test-method signature="OperationsInStacktryeditor(java.lang.String,int)[pri:5, instance:dsAlgo_TestClasses.Stack_TestClass@12e0f1cb, instance params:[Codecrackers, Numpyninja@2025]]" started-at="2025-03-13T10:47:41 EDT" name="OperationsInStacktryeditor" data-provider="pythoncode_tryeditor" finished-at="2025-03-13T10:47:48 EDT" duration-ms="6771" status="PASS">
          <params>
            <param index="0">
              <value>
                <![CDATA[TryEditor]]>
              </value>
            </param>
            <param index="1">
              <value>
                <![CDATA[2]]>
              </value>
            </param>
          </params>
          <reporter-output>
          </reporter-output>
        </test-method> <!-- OperationsInStacktryeditor -->
        <test-method is-config="true" signature="takeScreenshotOnFailure(org.testng.ITestResult)[pri:0, instance:dsAlgo_TestClasses.Stack_TestClass@12e0f1cb, instance params:[Codecrackers, Numpyninja@2025]]" started-at="2025-03-13T10:47:48 EDT" name="takeScreenshotOnFailure" finished-at="2025-03-13T10:47:48 EDT" duration-ms="0" status="PASS">
          <params>
            <param index="0">
              <value>
                <![CDATA[[TestResult name=OperationsInStacktryeditor status=SUCCESS method=Stack_TestClass.OperationsInStacktryeditor(java.lang.String,int)[pri:5, instance:dsAlgo_TestClasses.Stack_TestClass@12e0f1cb, instance params:[Codecrackers, Numpyninja@2025]] output={null}]]]>
              </value>
            </param>
          </params>
          <reporter-output>
          </reporter-output>
        </test-method> <!-- takeScreenshotOnFailure -->
        <test-method is-config="true" signature="tearDown()[pri:0, instance:dsAlgo_TestClasses.Stack_TestClass@12e0f1cb, instance params:[Codecrackers, Numpyninja@2025]]" started-at="2025-03-13T10:47:48 EDT" name="tearDown" finished-at="2025-03-13T10:47:48 EDT" duration-ms="517" status="PASS">
          <reporter-output>
          </reporter-output>
        </test-method> <!-- tearDown -->
        <test-method is-config="true" signature="setup(java.lang.String)[pri:0, instance:dsAlgo_TestClasses.Stack_TestClass@12e0f1cb, instance params:[Codecrackers, Numpyninja@2025]]" started-at="2025-03-13T10:47:48 EDT" name="setup" finished-at="2025-03-13T10:47:50 EDT" duration-ms="1500" status="PASS">
          <params>
            <param index="0">
              <value>
                <![CDATA[chrome]]>
              </value>
            </param>
          </params>
          <reporter-output>
          </reporter-output>
        </test-method> <!-- setup -->
        <test-method signature="OperationsInStacktryeditor(java.lang.String,int)[pri:5, instance:dsAlgo_TestClasses.Stack_TestClass@12e0f1cb, instance params:[Codecrackers, Numpyninja@2025]]" started-at="2025-03-13T10:47:50 EDT" name="OperationsInStacktryeditor" data-provider="pythoncode_tryeditor" finished-at="2025-03-13T10:47:56 EDT" duration-ms="6190" status="PASS">
          <params>
            <param index="0">
              <value>
                <![CDATA[TryEditor]]>
              </value>
            </param>
            <param index="1">
              <value>
                <![CDATA[3]]>
              </value>
            </param>
          </params>
          <reporter-output>
          </reporter-output>
        </test-method> <!-- OperationsInStacktryeditor -->
        <test-method is-config="true" signature="takeScreenshotOnFailure(org.testng.ITestResult)[pri:0, instance:dsAlgo_TestClasses.Stack_TestClass@12e0f1cb, instance params:[Codecrackers, Numpyninja@2025]]" started-at="2025-03-13T10:47:56 EDT" name="takeScreenshotOnFailure" finished-at="2025-03-13T10:47:56 EDT" duration-ms="0" status="PASS">
          <params>
            <param index="0">
              <value>
                <![CDATA[[TestResult name=OperationsInStacktryeditor status=SUCCESS method=Stack_TestClass.OperationsInStacktryeditor(java.lang.String,int)[pri:5, instance:dsAlgo_TestClasses.Stack_TestClass@12e0f1cb, instance params:[Codecrackers, Numpyninja@2025]] output={null}]]]>
              </value>
            </param>
          </params>
          <reporter-output>
          </reporter-output>
        </test-method> <!-- takeScreenshotOnFailure -->
        <test-method is-config="true" signature="tearDown()[pri:0, instance:dsAlgo_TestClasses.Stack_TestClass@12e0f1cb, instance params:[Codecrackers, Numpyninja@2025]]" started-at="2025-03-13T10:47:56 EDT" name="tearDown" finished-at="2025-03-13T10:47:56 EDT" duration-ms="496" status="PASS">
          <reporter-output>
          </reporter-output>
        </test-method> <!-- tearDown -->
        <test-method is-config="true" signature="setup(java.lang.String)[pri:0, instance:dsAlgo_TestClasses.Stack_TestClass@12e0f1cb, instance params:[Codecrackers, Numpyninja@2025]]" started-at="2025-03-13T10:47:56 EDT" name="setup" finished-at="2025-03-13T10:47:58 EDT" duration-ms="1800" status="PASS">
          <params>
            <param index="0">
              <value>
                <![CDATA[chrome]]>
              </value>
            </param>
          </params>
          <reporter-output>
          </reporter-output>
        </test-method> <!-- setup -->
        <test-method signature="navigatebacktoOperationsinstack()[pri:6, instance:dsAlgo_TestClasses.Stack_TestClass@12e0f1cb, instance params:[Codecrackers, Numpyninja@2025]]" started-at="2025-03-13T10:47:58 EDT" name="navigatebacktoOperationsinstack" finished-at="2025-03-13T10:48:04 EDT" duration-ms="5664" status="PASS">
          <reporter-output>
          </reporter-output>
        </test-method> <!-- navigatebacktoOperationsinstack -->
        <test-method is-config="true" signature="takeScreenshotOnFailure(org.testng.ITestResult)[pri:0, instance:dsAlgo_TestClasses.Stack_TestClass@12e0f1cb, instance params:[Codecrackers, Numpyninja@2025]]" started-at="2025-03-13T10:48:04 EDT" name="takeScreenshotOnFailure" finished-at="2025-03-13T10:48:04 EDT" duration-ms="1" status="PASS">
          <params>
            <param index="0">
              <value>
                <![CDATA[[TestResult name=navigatebacktoOperationsinstack status=SUCCESS method=Stack_TestClass.navigatebacktoOperationsinstack()[pri:6, instance:dsAlgo_TestClasses.Stack_TestClass@12e0f1cb, instance params:[Codecrackers, Numpyninja@2025]] output={null}]]]>
              </value>
            </param>
          </params>
          <reporter-output>
          </reporter-output>
        </test-method> <!-- takeScreenshotOnFailure -->
        <test-method is-config="true" signature="tearDown()[pri:0, instance:dsAlgo_TestClasses.Stack_TestClass@12e0f1cb, instance params:[Codecrackers, Numpyninja@2025]]" started-at="2025-03-13T10:48:04 EDT" name="tearDown" finished-at="2025-03-13T10:48:04 EDT" duration-ms="491" status="PASS">
          <reporter-output>
          </reporter-output>
        </test-method> <!-- tearDown -->
        <test-method is-config="true" signature="setup(java.lang.String)[pri:0, instance:dsAlgo_TestClasses.Stack_TestClass@12e0f1cb, instance params:[Codecrackers, Numpyninja@2025]]" started-at="2025-03-13T10:48:04 EDT" name="setup" finished-at="2025-03-13T10:48:06 EDT" duration-ms="1922" status="PASS">
          <params>
            <param index="0">
              <value>
                <![CDATA[chrome]]>
              </value>
            </param>
          </params>
          <reporter-output>
          </reporter-output>
        </test-method> <!-- setup -->
        <test-method signature="checkErrorMessageWhenExecutingWithoutenteringCodeInImplementation()[pri:7, instance:dsAlgo_TestClasses.Stack_TestClass@12e0f1cb, instance params:[Codecrackers, Numpyninja@2025]]" started-at="2025-03-13T10:48:06 EDT" name="checkErrorMessageWhenExecutingWithoutenteringCodeInImplementation" finished-at="2025-03-13T10:48:12 EDT" duration-ms="5326" status="FAIL">
          <exception class="java.lang.AssertionError">
            <message>
              <![CDATA[Test failed: Expected an error message when clicking the 'Run' button without entering code, but no message was displayed.]]>
            </message>
            <full-stacktrace>
              <![CDATA[java.lang.AssertionError: Test failed: Expected an error message when clicking the 'Run' button without entering code, but no message was displayed.
at org.testng.Assert.fail(Assert.java:111)
at dsAlgo_TestClasses.Stack_TestClass.checkErrorMessageWhenExecutingWithoutenteringCodeInImplementation(Stack_TestClass.java:106)
at java.base/jdk.internal.reflect.DirectMethodHandleAccessor.invoke(DirectMethodHandleAccessor.java:103)
at java.base/java.lang.reflect.Method.invoke(Method.java:580)
at org.testng.internal.invokers.MethodInvocationHelper.invokeMethod(MethodInvocationHelper.java:141)
at org.testng.internal.invokers.TestInvoker.invokeMethod(TestInvoker.java:687)
at org.testng.internal.invokers.TestInvoker.invokeTestMethod(TestInvoker.java:230)
at org.testng.internal.invokers.MethodRunner.runInSequence(MethodRunner.java:63)
at org.testng.internal.invokers.TestInvoker$MethodInvocationAgent.invoke(TestInvoker.java:995)
at org.testng.internal.invokers.TestInvoker.invokeTestMethods(TestInvoker.java:203)
at org.testng.internal.invokers.TestMethodWorker.invokeTestMethods(TestMethodWorker.java:154)
at org.testng.internal.invokers.TestMethodWorker.run(TestMethodWorker.java:134)
at java.base/java.util.ArrayList.forEach(ArrayList.java:1597)
at org.testng.TestRunner.privateRun(TestRunner.java:741)
at org.testng.TestRunner.run(TestRunner.java:616)
at org.testng.SuiteRunner.runTest(SuiteRunner.java:421)
at org.testng.SuiteRunner.runSequentially(SuiteRunner.java:413)
at org.testng.SuiteRunner.privateRun(SuiteRunner.java:373)
at org.testng.SuiteRunner.run(SuiteRunner.java:312)
at org.testng.SuiteRunnerWorker.runSuite(SuiteRunnerWorker.java:52)
at org.testng.SuiteRunnerWorker.run(SuiteRunnerWorker.java:95)
at org.testng.TestNG.runSuitesSequentially(TestNG.java:1274)
at org.testng.TestNG.runSuitesLocally(TestNG.java:1208)
at org.testng.TestNG.runSuites(TestNG.java:1112)
at org.testng.TestNG.run(TestNG.java:1079)
at org.testng.remote.AbstractRemoteTestNG.run(AbstractRemoteTestNG.java:115)
at org.testng.remote.RemoteTestNG.initAndRun(RemoteTestNG.java:293)
at org.testng.remote.RemoteTestNG.main(RemoteTestNG.java:91)
]]>
            </full-stacktrace>
          </exception> <!-- java.lang.AssertionError -->
          <reporter-output>
          </reporter-output>
        </test-method> <!-- checkErrorMessageWhenExecutingWithoutenteringCodeInImplementation -->
        <test-method is-config="true" signature="takeScreenshotOnFailure(org.testng.ITestResult)[pri:0, instance:dsAlgo_TestClasses.Stack_TestClass@12e0f1cb, instance params:[Codecrackers, Numpyninja@2025]]" started-at="2025-03-13T10:48:12 EDT" name="takeScreenshotOnFailure" finished-at="2025-03-13T10:48:12 EDT" duration-ms="118" status="PASS">
          <params>
            <param index="0">
              <value>
                <![CDATA[[TestResult name=checkErrorMessageWhenExecutingWithoutenteringCodeInImplementation status=FAILURE method=Stack_TestClass.checkErrorMessageWhenExecutingWithoutenteringCodeInImplementation()[pri:7, instance:dsAlgo_TestClasses.Stack_TestClass@12e0f1cb, instance params:[Codecrackers, Numpyninja@2025]] output={null}]]]>
              </value>
            </param>
          </params>
          <reporter-output>
          </reporter-output>
        </test-method> <!-- takeScreenshotOnFailure -->
        <test-method is-config="true" signature="tearDown()[pri:0, instance:dsAlgo_TestClasses.Stack_TestClass@12e0f1cb, instance params:[Codecrackers, Numpyninja@2025]]" started-at="2025-03-13T10:48:12 EDT" name="tearDown" finished-at="2025-03-13T10:48:12 EDT" duration-ms="382" status="PASS">
          <reporter-output>
          </reporter-output>
        </test-method> <!-- tearDown -->
        <test-method is-config="true" signature="setup(java.lang.String)[pri:0, instance:dsAlgo_TestClasses.Stack_TestClass@12e0f1cb, instance params:[Codecrackers, Numpyninja@2025]]" started-at="2025-03-13T10:48:12 EDT" name="setup" finished-at="2025-03-13T10:48:14 EDT" duration-ms="1495" status="PASS">
          <params>
            <param index="0">
              <value>
                <![CDATA[chrome]]>
              </value>
            </param>
          </params>
          <reporter-output>
          </reporter-output>
        </test-method> <!-- setup -->
        <test-method signature="Implementationtryeditor(java.lang.String,int)[pri:8, instance:dsAlgo_TestClasses.Stack_TestClass@12e0f1cb, instance params:[Codecrackers, Numpyninja@2025]]" started-at="2025-03-13T10:48:14 EDT" name="Implementationtryeditor" data-provider="pythoncode_tryeditor" finished-at="2025-03-13T10:48:20 EDT" duration-ms="6008" status="PASS">
          <params>
            <param index="0">
              <value>
                <![CDATA[TryEditor]]>
              </value>
            </param>
            <param index="1">
              <value>
                <![CDATA[1]]>
              </value>
            </param>
          </params>
          <reporter-output>
          </reporter-output>
        </test-method> <!-- Implementationtryeditor -->
        <test-method is-config="true" signature="takeScreenshotOnFailure(org.testng.ITestResult)[pri:0, instance:dsAlgo_TestClasses.Stack_TestClass@12e0f1cb, instance params:[Codecrackers, Numpyninja@2025]]" started-at="2025-03-13T10:48:20 EDT" name="takeScreenshotOnFailure" finished-at="2025-03-13T10:48:20 EDT" duration-ms="1" status="PASS">
          <params>
            <param index="0">
              <value>
                <![CDATA[[TestResult name=Implementationtryeditor status=SUCCESS method=Stack_TestClass.Implementationtryeditor(java.lang.String,int)[pri:8, instance:dsAlgo_TestClasses.Stack_TestClass@12e0f1cb, instance params:[Codecrackers, Numpyninja@2025]] output={null}]]]>
              </value>
            </param>
          </params>
          <reporter-output>
          </reporter-output>
        </test-method> <!-- takeScreenshotOnFailure -->
        <test-method is-config="true" signature="tearDown()[pri:0, instance:dsAlgo_TestClasses.Stack_TestClass@12e0f1cb, instance params:[Codecrackers, Numpyninja@2025]]" started-at="2025-03-13T10:48:20 EDT" name="tearDown" finished-at="2025-03-13T10:48:20 EDT" duration-ms="486" status="PASS">
          <reporter-output>
          </reporter-output>
        </test-method> <!-- tearDown -->
        <test-method is-config="true" signature="setup(java.lang.String)[pri:0, instance:dsAlgo_TestClasses.Stack_TestClass@12e0f1cb, instance params:[Codecrackers, Numpyninja@2025]]" started-at="2025-03-13T10:48:20 EDT" name="setup" finished-at="2025-03-13T10:48:22 EDT" duration-ms="1717" status="PASS">
          <params>
            <param index="0">
              <value>
                <![CDATA[chrome]]>
              </value>
            </param>
          </params>
          <reporter-output>
          </reporter-output>
        </test-method> <!-- setup -->
        <test-method signature="Implementationtryeditor(java.lang.String,int)[pri:8, instance:dsAlgo_TestClasses.Stack_TestClass@12e0f1cb, instance params:[Codecrackers, Numpyninja@2025]]" started-at="2025-03-13T10:48:22 EDT" name="Implementationtryeditor" data-provider="pythoncode_tryeditor" finished-at="2025-03-13T10:48:28 EDT" duration-ms="5996" status="PASS">
          <params>
            <param index="0">
              <value>
                <![CDATA[TryEditor]]>
              </value>
            </param>
            <param index="1">
              <value>
                <![CDATA[2]]>
              </value>
            </param>
          </params>
          <reporter-output>
          </reporter-output>
        </test-method> <!-- Implementationtryeditor -->
        <test-method is-config="true" signature="takeScreenshotOnFailure(org.testng.ITestResult)[pri:0, instance:dsAlgo_TestClasses.Stack_TestClass@12e0f1cb, instance params:[Codecrackers, Numpyninja@2025]]" started-at="2025-03-13T10:48:28 EDT" name="takeScreenshotOnFailure" finished-at="2025-03-13T10:48:28 EDT" duration-ms="4" status="PASS">
          <params>
            <param index="0">
              <value>
                <![CDATA[[TestResult name=Implementationtryeditor status=SUCCESS method=Stack_TestClass.Implementationtryeditor(java.lang.String,int)[pri:8, instance:dsAlgo_TestClasses.Stack_TestClass@12e0f1cb, instance params:[Codecrackers, Numpyninja@2025]] output={null}]]]>
              </value>
            </param>
          </params>
          <reporter-output>
          </reporter-output>
        </test-method> <!-- takeScreenshotOnFailure -->
        <test-method is-config="true" signature="tearDown()[pri:0, instance:dsAlgo_TestClasses.Stack_TestClass@12e0f1cb, instance params:[Codecrackers, Numpyninja@2025]]" started-at="2025-03-13T10:48:28 EDT" name="tearDown" finished-at="2025-03-13T10:48:29 EDT" duration-ms="601" status="PASS">
          <reporter-output>
          </reporter-output>
        </test-method> <!-- tearDown -->
        <test-method is-config="true" signature="setup(java.lang.String)[pri:0, instance:dsAlgo_TestClasses.Stack_TestClass@12e0f1cb, instance params:[Codecrackers, Numpyninja@2025]]" started-at="2025-03-13T10:48:29 EDT" name="setup" finished-at="2025-03-13T10:48:31 EDT" duration-ms="1962" status="PASS">
          <params>
            <param index="0">
              <value>
                <![CDATA[chrome]]>
              </value>
            </param>
          </params>
          <reporter-output>
          </reporter-output>
        </test-method> <!-- setup -->
        <test-method signature="Implementationtryeditor(java.lang.String,int)[pri:8, instance:dsAlgo_TestClasses.Stack_TestClass@12e0f1cb, instance params:[Codecrackers, Numpyninja@2025]]" started-at="2025-03-13T10:48:31 EDT" name="Implementationtryeditor" data-provider="pythoncode_tryeditor" finished-at="2025-03-13T10:48:37 EDT" duration-ms="5899" status="PASS">
          <params>
            <param index="0">
              <value>
                <![CDATA[TryEditor]]>
              </value>
            </param>
            <param index="1">
              <value>
                <![CDATA[3]]>
              </value>
            </param>
          </params>
          <reporter-output>
          </reporter-output>
        </test-method> <!-- Implementationtryeditor -->
        <test-method is-config="true" signature="takeScreenshotOnFailure(org.testng.ITestResult)[pri:0, instance:dsAlgo_TestClasses.Stack_TestClass@12e0f1cb, instance params:[Codecrackers, Numpyninja@2025]]" started-at="2025-03-13T10:48:37 EDT" name="takeScreenshotOnFailure" finished-at="2025-03-13T10:48:37 EDT" duration-ms="1" status="PASS">
          <params>
            <param index="0">
              <value>
                <![CDATA[[TestResult name=Implementationtryeditor status=SUCCESS method=Stack_TestClass.Implementationtryeditor(java.lang.String,int)[pri:8, instance:dsAlgo_TestClasses.Stack_TestClass@12e0f1cb, instance params:[Codecrackers, Numpyninja@2025]] output={null}]]]>
              </value>
            </param>
          </params>
          <reporter-output>
          </reporter-output>
        </test-method> <!-- takeScreenshotOnFailure -->
        <test-method is-config="true" signature="tearDown()[pri:0, instance:dsAlgo_TestClasses.Stack_TestClass@12e0f1cb, instance params:[Codecrackers, Numpyninja@2025]]" started-at="2025-03-13T10:48:37 EDT" name="tearDown" finished-at="2025-03-13T10:48:37 EDT" duration-ms="459" status="PASS">
          <reporter-output>
          </reporter-output>
        </test-method> <!-- tearDown -->
        <test-method is-config="true" signature="setup(java.lang.String)[pri:0, instance:dsAlgo_TestClasses.Stack_TestClass@12e0f1cb, instance params:[Codecrackers, Numpyninja@2025]]" started-at="2025-03-13T10:48:37 EDT" name="setup" finished-at="2025-03-13T10:48:39 EDT" duration-ms="1563" status="PASS">
          <params>
            <param index="0">
              <value>
                <![CDATA[chrome]]>
              </value>
            </param>
          </params>
          <reporter-output>
          </reporter-output>
        </test-method> <!-- setup -->
        <test-method signature="navigatebacktoImplementation()[pri:9, instance:dsAlgo_TestClasses.Stack_TestClass@12e0f1cb, instance params:[Codecrackers, Numpyninja@2025]]" started-at="2025-03-13T10:48:39 EDT" name="navigatebacktoImplementation" finished-at="2025-03-13T10:48:44 EDT" duration-ms="5249" status="PASS">
          <reporter-output>
          </reporter-output>
        </test-method> <!-- navigatebacktoImplementation -->
        <test-method is-config="true" signature="takeScreenshotOnFailure(org.testng.ITestResult)[pri:0, instance:dsAlgo_TestClasses.Stack_TestClass@12e0f1cb, instance params:[Codecrackers, Numpyninja@2025]]" started-at="2025-03-13T10:48:44 EDT" name="takeScreenshotOnFailure" finished-at="2025-03-13T10:48:44 EDT" duration-ms="6" status="PASS">
          <params>
            <param index="0">
              <value>
                <![CDATA[[TestResult name=navigatebacktoImplementation status=SUCCESS method=Stack_TestClass.navigatebacktoImplementation()[pri:9, instance:dsAlgo_TestClasses.Stack_TestClass@12e0f1cb, instance params:[Codecrackers, Numpyninja@2025]] output={null}]]]>
              </value>
            </param>
          </params>
          <reporter-output>
          </reporter-output>
        </test-method> <!-- takeScreenshotOnFailure -->
        <test-method is-config="true" signature="tearDown()[pri:0, instance:dsAlgo_TestClasses.Stack_TestClass@12e0f1cb, instance params:[Codecrackers, Numpyninja@2025]]" started-at="2025-03-13T10:48:44 EDT" name="tearDown" finished-at="2025-03-13T10:48:44 EDT" duration-ms="478" status="PASS">
          <reporter-output>
          </reporter-output>
        </test-method> <!-- tearDown -->
        <test-method is-config="true" signature="setup(java.lang.String)[pri:0, instance:dsAlgo_TestClasses.Stack_TestClass@12e0f1cb, instance params:[Codecrackers, Numpyninja@2025]]" started-at="2025-03-13T10:48:44 EDT" name="setup" finished-at="2025-03-13T10:48:46 EDT" duration-ms="1636" status="PASS">
          <params>
            <param index="0">
              <value>
                <![CDATA[chrome]]>
              </value>
            </param>
          </params>
          <reporter-output>
          </reporter-output>
        </test-method> <!-- setup -->
        <test-method signature="checkErrorMessageWhenExecutingWithoutenteringCodeInApplication()[pri:10, instance:dsAlgo_TestClasses.Stack_TestClass@12e0f1cb, instance params:[Codecrackers, Numpyninja@2025]]" started-at="2025-03-13T10:48:46 EDT" name="checkErrorMessageWhenExecutingWithoutenteringCodeInApplication" finished-at="2025-03-13T10:48:52 EDT" duration-ms="5406" status="FAIL">
          <exception class="java.lang.AssertionError">
            <message>
              <![CDATA[Test failed: Expected an error message when clicking the 'Run' button without entering code, but no message was displayed.]]>
            </message>
            <full-stacktrace>
              <![CDATA[java.lang.AssertionError: Test failed: Expected an error message when clicking the 'Run' button without entering code, but no message was displayed.
at org.testng.Assert.fail(Assert.java:111)
at dsAlgo_TestClasses.Stack_TestClass.checkErrorMessageWhenExecutingWithoutenteringCodeInApplication(Stack_TestClass.java:138)
at java.base/jdk.internal.reflect.DirectMethodHandleAccessor.invoke(DirectMethodHandleAccessor.java:103)
at java.base/java.lang.reflect.Method.invoke(Method.java:580)
at org.testng.internal.invokers.MethodInvocationHelper.invokeMethod(MethodInvocationHelper.java:141)
at org.testng.internal.invokers.TestInvoker.invokeMethod(TestInvoker.java:687)
at org.testng.internal.invokers.TestInvoker.invokeTestMethod(TestInvoker.java:230)
at org.testng.internal.invokers.MethodRunner.runInSequence(MethodRunner.java:63)
at org.testng.internal.invokers.TestInvoker$MethodInvocationAgent.invoke(TestInvoker.java:995)
at org.testng.internal.invokers.TestInvoker.invokeTestMethods(TestInvoker.java:203)
at org.testng.internal.invokers.TestMethodWorker.invokeTestMethods(TestMethodWorker.java:154)
at org.testng.internal.invokers.TestMethodWorker.run(TestMethodWorker.java:134)
at java.base/java.util.ArrayList.forEach(ArrayList.java:1597)
at org.testng.TestRunner.privateRun(TestRunner.java:741)
at org.testng.TestRunner.run(TestRunner.java:616)
at org.testng.SuiteRunner.runTest(SuiteRunner.java:421)
at org.testng.SuiteRunner.runSequentially(SuiteRunner.java:413)
at org.testng.SuiteRunner.privateRun(SuiteRunner.java:373)
at org.testng.SuiteRunner.run(SuiteRunner.java:312)
at org.testng.SuiteRunnerWorker.runSuite(SuiteRunnerWorker.java:52)
at org.testng.SuiteRunnerWorker.run(SuiteRunnerWorker.java:95)
at org.testng.TestNG.runSuitesSequentially(TestNG.java:1274)
at org.testng.TestNG.runSuitesLocally(TestNG.java:1208)
at org.testng.TestNG.runSuites(TestNG.java:1112)
at org.testng.TestNG.run(TestNG.java:1079)
at org.testng.remote.AbstractRemoteTestNG.run(AbstractRemoteTestNG.java:115)
at org.testng.remote.RemoteTestNG.initAndRun(RemoteTestNG.java:293)
at org.testng.remote.RemoteTestNG.main(RemoteTestNG.java:91)
]]>
            </full-stacktrace>
          </exception> <!-- java.lang.AssertionError -->
          <reporter-output>
          </reporter-output>
        </test-method> <!-- checkErrorMessageWhenExecutingWithoutenteringCodeInApplication -->
        <test-method is-config="true" signature="takeScreenshotOnFailure(org.testng.ITestResult)[pri:0, instance:dsAlgo_TestClasses.Stack_TestClass@12e0f1cb, instance params:[Codecrackers, Numpyninja@2025]]" started-at="2025-03-13T10:48:52 EDT" name="takeScreenshotOnFailure" finished-at="2025-03-13T10:48:52 EDT" duration-ms="142" status="PASS">
          <params>
            <param index="0">
              <value>
                <![CDATA[[TestResult name=checkErrorMessageWhenExecutingWithoutenteringCodeInApplication status=FAILURE method=Stack_TestClass.checkErrorMessageWhenExecutingWithoutenteringCodeInApplication()[pri:10, instance:dsAlgo_TestClasses.Stack_TestClass@12e0f1cb, instance params:[Codecrackers, Numpyninja@2025]] output={null}]]]>
              </value>
            </param>
          </params>
          <reporter-output>
          </reporter-output>
        </test-method> <!-- takeScreenshotOnFailure -->
        <test-method is-config="true" signature="tearDown()[pri:0, instance:dsAlgo_TestClasses.Stack_TestClass@12e0f1cb, instance params:[Codecrackers, Numpyninja@2025]]" started-at="2025-03-13T10:48:52 EDT" name="tearDown" finished-at="2025-03-13T10:48:52 EDT" duration-ms="429" status="PASS">
          <reporter-output>
          </reporter-output>
        </test-method> <!-- tearDown -->
        <test-method is-config="true" signature="setup(java.lang.String)[pri:0, instance:dsAlgo_TestClasses.Stack_TestClass@12e0f1cb, instance params:[Codecrackers, Numpyninja@2025]]" started-at="2025-03-13T10:48:52 EDT" name="setup" finished-at="2025-03-13T10:48:54 EDT" duration-ms="1538" status="PASS">
          <params>
            <param index="0">
              <value>
                <![CDATA[chrome]]>
              </value>
            </param>
          </params>
          <reporter-output>
          </reporter-output>
        </test-method> <!-- setup -->
        <test-method signature="Applicationtryeditor(java.lang.String,int)[pri:11, instance:dsAlgo_TestClasses.Stack_TestClass@12e0f1cb, instance params:[Codecrackers, Numpyninja@2025]]" started-at="2025-03-13T10:48:54 EDT" name="Applicationtryeditor" data-provider="pythoncode_tryeditor" finished-at="2025-03-13T10:49:00 EDT" duration-ms="5867" status="PASS">
          <params>
            <param index="0">
              <value>
                <![CDATA[TryEditor]]>
              </value>
            </param>
            <param index="1">
              <value>
                <![CDATA[1]]>
              </value>
            </param>
          </params>
          <reporter-output>
          </reporter-output>
        </test-method> <!-- Applicationtryeditor -->
        <test-method is-config="true" signature="takeScreenshotOnFailure(org.testng.ITestResult)[pri:0, instance:dsAlgo_TestClasses.Stack_TestClass@12e0f1cb, instance params:[Codecrackers, Numpyninja@2025]]" started-at="2025-03-13T10:49:00 EDT" name="takeScreenshotOnFailure" finished-at="2025-03-13T10:49:00 EDT" duration-ms="1" status="PASS">
          <params>
            <param index="0">
              <value>
                <![CDATA[[TestResult name=Applicationtryeditor status=SUCCESS method=Stack_TestClass.Applicationtryeditor(java.lang.String,int)[pri:11, instance:dsAlgo_TestClasses.Stack_TestClass@12e0f1cb, instance params:[Codecrackers, Numpyninja@2025]] output={null}]]]>
              </value>
            </param>
          </params>
          <reporter-output>
          </reporter-output>
        </test-method> <!-- takeScreenshotOnFailure -->
        <test-method is-config="true" signature="tearDown()[pri:0, instance:dsAlgo_TestClasses.Stack_TestClass@12e0f1cb, instance params:[Codecrackers, Numpyninja@2025]]" started-at="2025-03-13T10:49:00 EDT" name="tearDown" finished-at="2025-03-13T10:49:00 EDT" duration-ms="429" status="PASS">
          <reporter-output>
          </reporter-output>
        </test-method> <!-- tearDown -->
        <test-method is-config="true" signature="setup(java.lang.String)[pri:0, instance:dsAlgo_TestClasses.Stack_TestClass@12e0f1cb, instance params:[Codecrackers, Numpyninja@2025]]" started-at="2025-03-13T10:49:00 EDT" name="setup" finished-at="2025-03-13T10:49:02 EDT" duration-ms="1444" status="PASS">
          <params>
            <param index="0">
              <value>
                <![CDATA[chrome]]>
              </value>
            </param>
          </params>
          <reporter-output>
          </reporter-output>
        </test-method> <!-- setup -->
        <test-method signature="Applicationtryeditor(java.lang.String,int)[pri:11, instance:dsAlgo_TestClasses.Stack_TestClass@12e0f1cb, instance params:[Codecrackers, Numpyninja@2025]]" started-at="2025-03-13T10:49:02 EDT" name="Applicationtryeditor" data-provider="pythoncode_tryeditor" finished-at="2025-03-13T10:49:08 EDT" duration-ms="5988" status="PASS">
          <params>
            <param index="0">
              <value>
                <![CDATA[TryEditor]]>
              </value>
            </param>
            <param index="1">
              <value>
                <![CDATA[2]]>
              </value>
            </param>
          </params>
          <reporter-output>
          </reporter-output>
        </test-method> <!-- Applicationtryeditor -->
        <test-method is-config="true" signature="takeScreenshotOnFailure(org.testng.ITestResult)[pri:0, instance:dsAlgo_TestClasses.Stack_TestClass@12e0f1cb, instance params:[Codecrackers, Numpyninja@2025]]" started-at="2025-03-13T10:49:08 EDT" name="takeScreenshotOnFailure" finished-at="2025-03-13T10:49:08 EDT" duration-ms="3" status="PASS">
          <params>
            <param index="0">
              <value>
                <![CDATA[[TestResult name=Applicationtryeditor status=SUCCESS method=Stack_TestClass.Applicationtryeditor(java.lang.String,int)[pri:11, instance:dsAlgo_TestClasses.Stack_TestClass@12e0f1cb, instance params:[Codecrackers, Numpyninja@2025]] output={null}]]]>
              </value>
            </param>
          </params>
          <reporter-output>
          </reporter-output>
        </test-method> <!-- takeScreenshotOnFailure -->
        <test-method is-config="true" signature="tearDown()[pri:0, instance:dsAlgo_TestClasses.Stack_TestClass@12e0f1cb, instance params:[Codecrackers, Numpyninja@2025]]" started-at="2025-03-13T10:49:08 EDT" name="tearDown" finished-at="2025-03-13T10:49:08 EDT" duration-ms="426" status="PASS">
          <reporter-output>
          </reporter-output>
        </test-method> <!-- tearDown -->
        <test-method is-config="true" signature="setup(java.lang.String)[pri:0, instance:dsAlgo_TestClasses.Stack_TestClass@12e0f1cb, instance params:[Codecrackers, Numpyninja@2025]]" started-at="2025-03-13T10:49:08 EDT" name="setup" finished-at="2025-03-13T10:49:10 EDT" duration-ms="1586" status="PASS">
          <params>
            <param index="0">
              <value>
                <![CDATA[chrome]]>
              </value>
            </param>
          </params>
          <reporter-output>
          </reporter-output>
        </test-method> <!-- setup -->
        <test-method signature="Applicationtryeditor(java.lang.String,int)[pri:11, instance:dsAlgo_TestClasses.Stack_TestClass@12e0f1cb, instance params:[Codecrackers, Numpyninja@2025]]" started-at="2025-03-13T10:49:10 EDT" name="Applicationtryeditor" data-provider="pythoncode_tryeditor" finished-at="2025-03-13T10:49:16 EDT" duration-ms="5919" status="PASS">
          <params>
            <param index="0">
              <value>
                <![CDATA[TryEditor]]>
              </value>
            </param>
            <param index="1">
              <value>
                <![CDATA[3]]>
              </value>
            </param>
          </params>
          <reporter-output>
          </reporter-output>
        </test-method> <!-- Applicationtryeditor -->
        <test-method is-config="true" signature="takeScreenshotOnFailure(org.testng.ITestResult)[pri:0, instance:dsAlgo_TestClasses.Stack_TestClass@12e0f1cb, instance params:[Codecrackers, Numpyninja@2025]]" started-at="2025-03-13T10:49:16 EDT" name="takeScreenshotOnFailure" finished-at="2025-03-13T10:49:16 EDT" duration-ms="2" status="PASS">
          <params>
            <param index="0">
              <value>
                <![CDATA[[TestResult name=Applicationtryeditor status=SUCCESS method=Stack_TestClass.Applicationtryeditor(java.lang.String,int)[pri:11, instance:dsAlgo_TestClasses.Stack_TestClass@12e0f1cb, instance params:[Codecrackers, Numpyninja@2025]] output={null}]]]>
              </value>
            </param>
          </params>
          <reporter-output>
          </reporter-output>
        </test-method> <!-- takeScreenshotOnFailure -->
        <test-method is-config="true" signature="tearDown()[pri:0, instance:dsAlgo_TestClasses.Stack_TestClass@12e0f1cb, instance params:[Codecrackers, Numpyninja@2025]]" started-at="2025-03-13T10:49:16 EDT" name="tearDown" finished-at="2025-03-13T10:49:16 EDT" duration-ms="505" status="PASS">
          <reporter-output>
          </reporter-output>
        </test-method> <!-- tearDown -->
        <test-method is-config="true" signature="setup(java.lang.String)[pri:0, instance:dsAlgo_TestClasses.Stack_TestClass@12e0f1cb, instance params:[Codecrackers, Numpyninja@2025]]" started-at="2025-03-13T10:49:16 EDT" name="setup" finished-at="2025-03-13T10:49:18 EDT" duration-ms="1501" status="PASS">
          <params>
            <param index="0">
              <value>
                <![CDATA[chrome]]>
              </value>
            </param>
          </params>
          <reporter-output>
          </reporter-output>
        </test-method> <!-- setup -->
        <test-method signature="navigatebacktoStackApplication()[pri:12, instance:dsAlgo_TestClasses.Stack_TestClass@12e0f1cb, instance params:[Codecrackers, Numpyninja@2025]]" started-at="2025-03-13T10:49:18 EDT" name="navigatebacktoStackApplication" finished-at="2025-03-13T10:49:23 EDT" duration-ms="5299" status="PASS">
          <reporter-output>
          </reporter-output>
        </test-method> <!-- navigatebacktoStackApplication -->
        <test-method is-config="true" signature="takeScreenshotOnFailure(org.testng.ITestResult)[pri:0, instance:dsAlgo_TestClasses.Stack_TestClass@12e0f1cb, instance params:[Codecrackers, Numpyninja@2025]]" started-at="2025-03-13T10:49:23 EDT" name="takeScreenshotOnFailure" finished-at="2025-03-13T10:49:23 EDT" duration-ms="6" status="PASS">
          <params>
            <param index="0">
              <value>
                <![CDATA[[TestResult name=navigatebacktoStackApplication status=SUCCESS method=Stack_TestClass.navigatebacktoStackApplication()[pri:12, instance:dsAlgo_TestClasses.Stack_TestClass@12e0f1cb, instance params:[Codecrackers, Numpyninja@2025]] output={null}]]]>
              </value>
            </param>
          </params>
          <reporter-output>
          </reporter-output>
        </test-method> <!-- takeScreenshotOnFailure -->
        <test-method is-config="true" signature="tearDown()[pri:0, instance:dsAlgo_TestClasses.Stack_TestClass@12e0f1cb, instance params:[Codecrackers, Numpyninja@2025]]" started-at="2025-03-13T10:49:23 EDT" name="tearDown" finished-at="2025-03-13T10:49:24 EDT" duration-ms="569" status="PASS">
          <reporter-output>
          </reporter-output>
        </test-method> <!-- tearDown -->
        <test-method is-config="true" signature="setup(java.lang.String)[pri:0, instance:dsAlgo_TestClasses.Stack_TestClass@12e0f1cb, instance params:[Codecrackers, Numpyninja@2025]]" started-at="2025-03-13T10:49:24 EDT" name="setup" finished-at="2025-03-13T10:49:25 EDT" duration-ms="1539" status="PASS">
          <params>
            <param index="0">
              <value>
                <![CDATA[chrome]]>
              </value>
            </param>
          </params>
          <reporter-output>
          </reporter-output>
        </test-method> <!-- setup -->
        <test-method signature="navigateToOperationsInStackPracticeQuestions()[pri:13, instance:dsAlgo_TestClasses.Stack_TestClass@12e0f1cb, instance params:[Codecrackers, Numpyninja@2025]]" started-at="2025-03-13T10:49:25 EDT" name="navigateToOperationsInStackPracticeQuestions" finished-at="2025-03-13T10:49:34 EDT" duration-ms="8886" status="FAIL">
          <exception class="org.openqa.selenium.NoSuchElementException">
            <message>
              <![CDATA[no such element: Unable to locate element: {"method":"xpath","selector":"./div"}
  (Session info: chrome=134.0.6998.36)
For documentation on this error, please visit: https://www.selenium.dev/documentation/webdriver/troubleshooting/errors#no-such-element-exception
Build info: version: '4.29.0', revision: '5fc1ec94cb'
System info: os.name: 'Windows 11', os.arch: 'amd64', os.version: '10.0', java.version: '23.0.1'
Driver info: org.openqa.selenium.chrome.ChromeDriver
Command: [8e278fdd30d017855b527e1412bb3ea9, findElement {using=xpath, value=./div}]
Capabilities {acceptInsecureCerts: false, browserName: chrome, browserVersion: 134.0.6998.36, chrome: {chromedriverVersion: 134.0.6998.88 (7e3d5c978c6d..., userDataDir: C:\Users\VIJAYA~1\AppData\L...}, fedcm:accounts: true, goog:chromeOptions: {debuggerAddress: localhost:52829}, networkConnectionEnabled: false, pageLoadStrategy: normal, platformName: windows, proxy: Proxy(), se:cdp: ws://localhost:52829/devtoo..., se:cdpVersion: 134.0.6998.36, setWindowRect: true, strictFileInteractability: false, timeouts: {implicit: 0, pageLoad: 300000, script: 30000}, unhandledPromptBehavior: dismiss and notify, webauthn:extension:credBlob: true, webauthn:extension:largeBlob: true, webauthn:extension:minPinLength: true, webauthn:extension:prf: true, webauthn:virtualAuthenticators: true}
Session ID: 8e278fdd30d017855b527e1412bb3ea9]]>
            </message>
            <full-stacktrace>
              <![CDATA[org.openqa.selenium.NoSuchElementException: no such element: Unable to locate element: {"method":"xpath","selector":"./div"}
  (Session info: chrome=134.0.6998.36)
For documentation on this error, please visit: https://www.selenium.dev/documentation/webdriver/troubleshooting/errors#no-such-element-exception
Build info: version: '4.29.0', revision: '5fc1ec94cb'
System info: os.name: 'Windows 11', os.arch: 'amd64', os.version: '10.0', java.version: '23.0.1'
Driver info: org.openqa.selenium.chrome.ChromeDriver
Command: [8e278fdd30d017855b527e1412bb3ea9, findElement {using=xpath, value=./div}]
Capabilities {acceptInsecureCerts: false, browserName: chrome, browserVersion: 134.0.6998.36, chrome: {chromedriverVersion: 134.0.6998.88 (7e3d5c978c6d..., userDataDir: C:\Users\VIJAYA~1\AppData\L...}, fedcm:accounts: true, goog:chromeOptions: {debuggerAddress: localhost:52829}, networkConnectionEnabled: false, pageLoadStrategy: normal, platformName: windows, proxy: Proxy(), se:cdp: ws://localhost:52829/devtoo..., se:cdpVersion: 134.0.6998.36, setWindowRect: true, strictFileInteractability: false, timeouts: {implicit: 0, pageLoad: 300000, script: 30000}, unhandledPromptBehavior: dismiss and notify, webauthn:extension:credBlob: true, webauthn:extension:largeBlob: true, webauthn:extension:minPinLength: true, webauthn:extension:prf: true, webauthn:virtualAuthenticators: true}
Session ID: 8e278fdd30d017855b527e1412bb3ea9
at java.base/jdk.internal.reflect.DirectConstructorHandleAccessor.newInstance(DirectConstructorHandleAccessor.java:62)
at java.base/java.lang.reflect.Constructor.newInstanceWithCaller(Constructor.java:501)
at java.base/java.lang.reflect.Constructor.newInstance(Constructor.java:485)
at org.openqa.selenium.remote.ErrorCodec.decode(ErrorCodec.java:167)
at org.openqa.selenium.remote.codec.w3c.W3CHttpResponseCodec.decode(W3CHttpResponseCodec.java:138)
at org.openqa.selenium.remote.codec.w3c.W3CHttpResponseCodec.decode(W3CHttpResponseCodec.java:50)
at org.openqa.selenium.remote.HttpCommandExecutor.execute(HttpCommandExecutor.java:215)
at org.openqa.selenium.remote.service.DriverCommandExecutor.invokeExecute(DriverCommandExecutor.java:216)
at org.openqa.selenium.remote.service.DriverCommandExecutor.execute(DriverCommandExecutor.java:174)
at org.openqa.selenium.remote.RemoteWebDriver.execute(RemoteWebDriver.java:545)
at org.openqa.selenium.remote.ElementLocation$ElementFinder$2.findElement(ElementLocation.java:165)
at org.openqa.selenium.remote.ElementLocation.findElement(ElementLocation.java:59)
at org.openqa.selenium.remote.RemoteWebDriver.findElement(RemoteWebDriver.java:368)
at org.openqa.selenium.remote.RemoteWebDriver.findElement(RemoteWebDriver.java:362)
at org.openqa.selenium.support.pagefactory.DefaultElementLocator.findElement(DefaultElementLocator.java:68)
at org.openqa.selenium.support.pagefactory.internal.LocatingElementHandler.invoke(LocatingElementHandler.java:38)
at jdk.proxy2/jdk.proxy2.$Proxy26.getText(Unknown Source)
at dsAlgo_PageFactory.Stack_PageFactory.childelements(Stack_PageFactory.java:154)
at dsAlgo_TestClasses.Stack_TestClass.navigateToOperationsInStackPracticeQuestions(Stack_TestClass.java:167)
at java.base/jdk.internal.reflect.DirectMethodHandleAccessor.invoke(DirectMethodHandleAccessor.java:103)
at java.base/java.lang.reflect.Method.invoke(Method.java:580)
at org.testng.internal.invokers.MethodInvocationHelper.invokeMethod(MethodInvocationHelper.java:141)
at org.testng.internal.invokers.TestInvoker.invokeMethod(TestInvoker.java:687)
at org.testng.internal.invokers.TestInvoker.invokeTestMethod(TestInvoker.java:230)
at org.testng.internal.invokers.MethodRunner.runInSequence(MethodRunner.java:63)
at org.testng.internal.invokers.TestInvoker$MethodInvocationAgent.invoke(TestInvoker.java:995)
at org.testng.internal.invokers.TestInvoker.invokeTestMethods(TestInvoker.java:203)
at org.testng.internal.invokers.TestMethodWorker.invokeTestMethods(TestMethodWorker.java:154)
at org.testng.internal.invokers.TestMethodWorker.run(TestMethodWorker.java:134)
at java.base/java.util.ArrayList.forEach(ArrayList.java:1597)
at org.testng.TestRunner.privateRun(TestRunner.java:741)
at org.testng.TestRunner.run(TestRunner.java:616)
at org.testng.SuiteRunner.runTest(SuiteRunner.java:421)
at org.testng.SuiteRunner.runSequentially(SuiteRunner.java:413)
at org.testng.SuiteRunner.privateRun(SuiteRunner.java:373)
at org.testng.SuiteRunner.run(SuiteRunner.java:312)
at org.testng.SuiteRunnerWorker.runSuite(SuiteRunnerWorker.java:52)
at org.testng.SuiteRunnerWorker.run(SuiteRunnerWorker.java:95)
at org.testng.TestNG.runSuitesSequentially(TestNG.java:1274)
at org.testng.TestNG.runSuitesLocally(TestNG.java:1208)
at org.testng.TestNG.runSuites(TestNG.java:1112)
at org.testng.TestNG.run(TestNG.java:1079)
at org.testng.remote.AbstractRemoteTestNG.run(AbstractRemoteTestNG.java:115)
at org.testng.remote.RemoteTestNG.initAndRun(RemoteTestNG.java:293)
at org.testng.remote.RemoteTestNG.main(RemoteTestNG.java:91)
]]>
            </full-stacktrace>
          </exception> <!-- org.openqa.selenium.NoSuchElementException -->
          <reporter-output>
          </reporter-output>
        </test-method> <!-- navigateToOperationsInStackPracticeQuestions -->
        <test-method is-config="true" signature="takeScreenshotOnFailure(org.testng.ITestResult)[pri:0, instance:dsAlgo_TestClasses.Stack_TestClass@12e0f1cb, instance params:[Codecrackers, Numpyninja@2025]]" started-at="2025-03-13T10:49:34 EDT" name="takeScreenshotOnFailure" finished-at="2025-03-13T10:49:34 EDT" duration-ms="117" status="PASS">
          <params>
            <param index="0">
              <value>
                <![CDATA[[TestResult name=navigateToOperationsInStackPracticeQuestions status=FAILURE method=Stack_TestClass.navigateToOperationsInStackPracticeQuestions()[pri:13, instance:dsAlgo_TestClasses.Stack_TestClass@12e0f1cb, instance params:[Codecrackers, Numpyninja@2025]] output={null}]]]>
              </value>
            </param>
          </params>
          <reporter-output>
          </reporter-output>
        </test-method> <!-- takeScreenshotOnFailure -->
        <test-method is-config="true" signature="tearDown()[pri:0, instance:dsAlgo_TestClasses.Stack_TestClass@12e0f1cb, instance params:[Codecrackers, Numpyninja@2025]]" started-at="2025-03-13T10:49:34 EDT" name="tearDown" finished-at="2025-03-13T10:49:35 EDT" duration-ms="524" status="PASS">
          <reporter-output>
          </reporter-output>
        </test-method> <!-- tearDown -->
      </class> <!-- dsAlgo_TestClasses.Stack_TestClass -->
    </test> <!-- ChromeTest -->
  </suite> <!-- Suite -->
</testng-results>
