<?xml version="1.0" encoding="UTF-8"?>
<!-- Generated by org.testng.reporters.JUnitReportReporter -->
<testsuite hostname="Shweta-PC" failures="2" tests="24" name="dsAlgo_TestClasses.Graph_TestClass" time="254.257" errors="1" timestamp="2025-03-13T18:05:09 EDT" skipped="6">
  <testcase classname="dsAlgo_TestClasses.Graph_TestClass" name="validLoginDataBase" time="4.812"/>
  <testcase classname="dsAlgo_TestClasses.Graph_TestClass" name="callValidLogInData" time="7.353"/>
  <testcase classname="dsAlgo_TestClasses.Graph_TestClass" name="Graph" time="10.715"/>
  <testcase classname="dsAlgo_TestClasses.Graph_TestClass" name="GraphTryhere" time="11.475"/>
  <testcase classname="dsAlgo_TestClasses.Graph_TestClass" name="checkErrorMessageWhenExecutingWithoutenteringCodeInGraphPage" time="8.298">
    <skipped/>
  </testcase> <!-- checkErrorMessageWhenExecutingWithoutenteringCodeInGraphPage -->
  <testcase classname="dsAlgo_TestClasses.Graph_TestClass" name="checkErrorMessageWhenExecutingWithoutenteringCodeInGraphPage" time="7.996">
    <failure message="Test failed: Expected an error message when clicking the &#039;Run&#039; button without entering code, but no message was displayed" type="java.lang.AssertionError">
      <![CDATA[java.lang.AssertionError: Test failed: Expected an error message when clicking the 'Run' button without entering code, but no message was displayed
at org.testng.Assert.fail(Assert.java:111)
at dsAlgo_TestClasses.Graph_TestClass.checkErrorMessageWhenExecutingWithoutenteringCodeInGraphPage(Graph_TestClass.java:68)
at java.base/jdk.internal.reflect.DirectMethodHandleAccessor.invoke(DirectMethodHandleAccessor.java:103)
at java.base/java.lang.reflect.Method.invoke(Method.java:580)
at org.testng.internal.invokers.MethodInvocationHelper.invokeMethod(MethodInvocationHelper.java:141)
at org.testng.internal.invokers.TestInvoker.invokeMethod(TestInvoker.java:687)
at org.testng.internal.invokers.TestInvoker.retryFailed(TestInvoker.java:269)
at org.testng.internal.invokers.MethodRunner.runInSequence(MethodRunner.java:76)
at org.testng.internal.invokers.TestInvoker$MethodInvocationAgent.invoke(TestInvoker.java:995)
at org.testng.internal.invokers.TestInvoker.invokeTestMethods(TestInvoker.java:203)
at org.testng.internal.invokers.TestMethodWorker.invokeTestMethods(TestMethodWorker.java:154)
at org.testng.internal.invokers.TestMethodWorker.run(TestMethodWorker.java:134)
at java.base/java.util.ArrayList.forEach(ArrayList.java:1597)
at org.testng.TestRunner.privateRun(TestRunner.java:741)
at org.testng.TestRunner.run(TestRunner.java:616)
at org.testng.SuiteRunner.runTest(SuiteRunner.java:421)
at org.testng.SuiteRunner.runSequentially(SuiteRunner.java:413)
at org.testng.SuiteRunner.privateRun(SuiteRunner.java:373)
at org.testng.SuiteRunner.run(SuiteRunner.java:312)
at org.testng.SuiteRunnerWorker.runSuite(SuiteRunnerWorker.java:52)
at org.testng.SuiteRunnerWorker.run(SuiteRunnerWorker.java:95)
at org.testng.TestNG.runSuitesSequentially(TestNG.java:1274)
at org.testng.TestNG.runSuitesLocally(TestNG.java:1208)
at org.testng.TestNG.runSuites(TestNG.java:1112)
at org.testng.TestNG.run(TestNG.java:1079)
at org.testng.remote.AbstractRemoteTestNG.run(AbstractRemoteTestNG.java:115)
at org.testng.remote.RemoteTestNG.initAndRun(RemoteTestNG.java:293)
at org.testng.remote.RemoteTestNG.main(RemoteTestNG.java:91)
]]>
    </failure>
  </testcase> <!-- checkErrorMessageWhenExecutingWithoutenteringCodeInGraphPage -->
  <testcase classname="dsAlgo_TestClasses.Graph_TestClass" name="checkErrorMessageWhenExecutingWithoutenteringCodeInGraphPage" time="8.592">
    <skipped/>
  </testcase> <!-- checkErrorMessageWhenExecutingWithoutenteringCodeInGraphPage -->
  <testcase classname="dsAlgo_TestClasses.Graph_TestClass" name="GraphTryeditor" time="13.809"/>
  <testcase classname="dsAlgo_TestClasses.Graph_TestClass" name="GraphTryeditor" time="13.183"/>
  <testcase classname="dsAlgo_TestClasses.Graph_TestClass" name="GraphTryeditor" time="13.421"/>
  <testcase classname="dsAlgo_TestClasses.Graph_TestClass" name="navigatebacktoGraph" time="8.556"/>
  <testcase classname="dsAlgo_TestClasses.Graph_TestClass" name="GraphRepresentations" time="10.441"/>
  <testcase classname="dsAlgo_TestClasses.Graph_TestClass" name="GraphRepresentationsTryhere" time="11.903"/>
  <testcase classname="dsAlgo_TestClasses.Graph_TestClass" name="checkErrorMessageWhenExecutingWithoutenteringCodeInGraphRepresentationsPage" time="8.287">
    <failure message="Test failed: Expected an error message when clicking the &#039;Run&#039; button without entering code, but no message was displayed" type="java.lang.AssertionError">
      <![CDATA[java.lang.AssertionError: Test failed: Expected an error message when clicking the 'Run' button without entering code, but no message was displayed
at org.testng.Assert.fail(Assert.java:111)
at dsAlgo_TestClasses.Graph_TestClass.checkErrorMessageWhenExecutingWithoutenteringCodeInGraphRepresentationsPage(Graph_TestClass.java:116)
at java.base/jdk.internal.reflect.DirectMethodHandleAccessor.invoke(DirectMethodHandleAccessor.java:103)
at java.base/java.lang.reflect.Method.invoke(Method.java:580)
at org.testng.internal.invokers.MethodInvocationHelper.invokeMethod(MethodInvocationHelper.java:141)
at org.testng.internal.invokers.TestInvoker.invokeMethod(TestInvoker.java:687)
at org.testng.internal.invokers.TestInvoker.retryFailed(TestInvoker.java:269)
at org.testng.internal.invokers.MethodRunner.runInSequence(MethodRunner.java:76)
at org.testng.internal.invokers.TestInvoker$MethodInvocationAgent.invoke(TestInvoker.java:995)
at org.testng.internal.invokers.TestInvoker.invokeTestMethods(TestInvoker.java:203)
at org.testng.internal.invokers.TestMethodWorker.invokeTestMethods(TestMethodWorker.java:154)
at org.testng.internal.invokers.TestMethodWorker.run(TestMethodWorker.java:134)
at java.base/java.util.ArrayList.forEach(ArrayList.java:1597)
at org.testng.TestRunner.privateRun(TestRunner.java:741)
at org.testng.TestRunner.run(TestRunner.java:616)
at org.testng.SuiteRunner.runTest(SuiteRunner.java:421)
at org.testng.SuiteRunner.runSequentially(SuiteRunner.java:413)
at org.testng.SuiteRunner.privateRun(SuiteRunner.java:373)
at org.testng.SuiteRunner.run(SuiteRunner.java:312)
at org.testng.SuiteRunnerWorker.runSuite(SuiteRunnerWorker.java:52)
at org.testng.SuiteRunnerWorker.run(SuiteRunnerWorker.java:95)
at org.testng.TestNG.runSuitesSequentially(TestNG.java:1274)
at org.testng.TestNG.runSuitesLocally(TestNG.java:1208)
at org.testng.TestNG.runSuites(TestNG.java:1112)
at org.testng.TestNG.run(TestNG.java:1079)
at org.testng.remote.AbstractRemoteTestNG.run(AbstractRemoteTestNG.java:115)
at org.testng.remote.RemoteTestNG.initAndRun(RemoteTestNG.java:293)
at org.testng.remote.RemoteTestNG.main(RemoteTestNG.java:91)
]]>
    </failure>
  </testcase> <!-- checkErrorMessageWhenExecutingWithoutenteringCodeInGraphRepresentationsPage -->
  <testcase classname="dsAlgo_TestClasses.Graph_TestClass" name="checkErrorMessageWhenExecutingWithoutenteringCodeInGraphRepresentationsPage" time="7.980">
    <skipped/>
  </testcase> <!-- checkErrorMessageWhenExecutingWithoutenteringCodeInGraphRepresentationsPage -->
  <testcase classname="dsAlgo_TestClasses.Graph_TestClass" name="checkErrorMessageWhenExecutingWithoutenteringCodeInGraphRepresentationsPage" time="8.750">
    <skipped/>
  </testcase> <!-- checkErrorMessageWhenExecutingWithoutenteringCodeInGraphRepresentationsPage -->
  <testcase classname="dsAlgo_TestClasses.Graph_TestClass" name="GraphRepresentationsTryeditor" time="13.398"/>
  <testcase classname="dsAlgo_TestClasses.Graph_TestClass" name="GraphRepresentationsTryeditor" time="13.481"/>
  <testcase classname="dsAlgo_TestClasses.Graph_TestClass" name="GraphRepresentationsTryeditor" time="15.010"/>
  <testcase classname="dsAlgo_TestClasses.Graph_TestClass" name="navigatebacktoGraphRepresentations" time="8.510"/>
  <testcase classname="dsAlgo_TestClasses.Graph_TestClass" name="PracticeQuestions" time="7.679"/>
  <testcase classname="dsAlgo_TestClasses.Graph_TestClass" name="PracticeQuestionspageisblank" time="14.280">
    <skipped/>
  </testcase> <!-- PracticeQuestionspageisblank -->
  <testcase classname="dsAlgo_TestClasses.Graph_TestClass" name="PracticeQuestionspageisblank" time="13.256">
    <error message="no such element: Unable to locate element: {&quot;method&quot;:&quot;xpath&quot;,&quot;selector&quot;:&quot;./div&quot;}
  (Session info: chrome=131.0.6778.204)
For documentation on this error, please visit: https://www.selenium.dev/documentation/webdriver/troubleshooting/errors#no-such-element-exception
Build info: version: &#039;4.29.0&#039;, revision: &#039;5fc1ec94cb&#039;
System info: os.name: &#039;Windows 11&#039;, os.arch: &#039;amd64&#039;, os.version: &#039;10.0&#039;, java.version: &#039;23.0.1&#039;
Driver info: org.openqa.selenium.chrome.ChromeDriver
Command: [752c923b124f33dccfce28ebd29bdfc4, findElement {value=./div, using=xpath}]
Capabilities {acceptInsecureCerts: false, browserName: chrome, browserVersion: 131.0.6778.204, chrome: {chromedriverVersion: 131.0.6778.264 (2d05e315153..., userDataDir: C:\Users\mahaj\AppData\Loca...}, fedcm:accounts: true, goog:chromeOptions: {debuggerAddress: localhost:65329}, networkConnectionEnabled: false, pageLoadStrategy: normal, platformName: windows, proxy: Proxy(), se:cdp: ws://localhost:65329/devtoo..., se:cdpVersion: 131.0.6778.204, setWindowRect: true, strictFileInteractability: false, timeouts: {implicit: 0, pageLoad: 300000, script: 30000}, unhandledPromptBehavior: dismiss and notify, webauthn:extension:credBlob: true, webauthn:extension:largeBlob: true, webauthn:extension:minPinLength: true, webauthn:extension:prf: true, webauthn:virtualAuthenticators: true}
Session ID: 752c923b124f33dccfce28ebd29bdfc4" type="org.openqa.selenium.NoSuchElementException">
      <![CDATA[org.openqa.selenium.NoSuchElementException: no such element: Unable to locate element: {"method":"xpath","selector":"./div"}
  (Session info: chrome=131.0.6778.204)
For documentation on this error, please visit: https://www.selenium.dev/documentation/webdriver/troubleshooting/errors#no-such-element-exception
Build info: version: '4.29.0', revision: '5fc1ec94cb'
System info: os.name: 'Windows 11', os.arch: 'amd64', os.version: '10.0', java.version: '23.0.1'
Driver info: org.openqa.selenium.chrome.ChromeDriver
Command: [752c923b124f33dccfce28ebd29bdfc4, findElement {value=./div, using=xpath}]
Capabilities {acceptInsecureCerts: false, browserName: chrome, browserVersion: 131.0.6778.204, chrome: {chromedriverVersion: 131.0.6778.264 (2d05e315153..., userDataDir: C:\Users\mahaj\AppData\Loca...}, fedcm:accounts: true, goog:chromeOptions: {debuggerAddress: localhost:65329}, networkConnectionEnabled: false, pageLoadStrategy: normal, platformName: windows, proxy: Proxy(), se:cdp: ws://localhost:65329/devtoo..., se:cdpVersion: 131.0.6778.204, setWindowRect: true, strictFileInteractability: false, timeouts: {implicit: 0, pageLoad: 300000, script: 30000}, unhandledPromptBehavior: dismiss and notify, webauthn:extension:credBlob: true, webauthn:extension:largeBlob: true, webauthn:extension:minPinLength: true, webauthn:extension:prf: true, webauthn:virtualAuthenticators: true}
Session ID: 752c923b124f33dccfce28ebd29bdfc4
at java.base/jdk.internal.reflect.DirectConstructorHandleAccessor.newInstance(DirectConstructorHandleAccessor.java:62)
at java.base/java.lang.reflect.Constructor.newInstanceWithCaller(Constructor.java:501)
at java.base/java.lang.reflect.Constructor.newInstance(Constructor.java:485)
at org.openqa.selenium.remote.ErrorCodec.decode(ErrorCodec.java:167)
at org.openqa.selenium.remote.codec.w3c.W3CHttpResponseCodec.decode(W3CHttpResponseCodec.java:138)
at org.openqa.selenium.remote.codec.w3c.W3CHttpResponseCodec.decode(W3CHttpResponseCodec.java:50)
at org.openqa.selenium.remote.HttpCommandExecutor.execute(HttpCommandExecutor.java:215)
at org.openqa.selenium.remote.service.DriverCommandExecutor.invokeExecute(DriverCommandExecutor.java:216)
at org.openqa.selenium.remote.service.DriverCommandExecutor.execute(DriverCommandExecutor.java:174)
at org.openqa.selenium.remote.RemoteWebDriver.execute(RemoteWebDriver.java:545)
at org.openqa.selenium.remote.ElementLocation$ElementFinder$2.findElement(ElementLocation.java:165)
at org.openqa.selenium.remote.ElementLocation.findElement(ElementLocation.java:59)
at org.openqa.selenium.remote.RemoteWebDriver.findElement(RemoteWebDriver.java:368)
at org.openqa.selenium.remote.RemoteWebDriver.findElement(RemoteWebDriver.java:362)
at org.openqa.selenium.support.pagefactory.DefaultElementLocator.findElement(DefaultElementLocator.java:68)
at org.openqa.selenium.support.pagefactory.internal.LocatingElementHandler.invoke(LocatingElementHandler.java:38)
at jdk.proxy2/jdk.proxy2.$Proxy21.getText(Unknown Source)
at dsAlgo_PageFactory.Graph_PageFactory.childelements(Graph_PageFactory.java:86)
at dsAlgo_TestClasses.Graph_TestClass.PracticeQuestionspageisblank(Graph_TestClass.java:154)
at java.base/jdk.internal.reflect.DirectMethodHandleAccessor.invoke(DirectMethodHandleAccessor.java:103)
at java.base/java.lang.reflect.Method.invoke(Method.java:580)
at org.testng.internal.invokers.MethodInvocationHelper.invokeMethod(MethodInvocationHelper.java:141)
at org.testng.internal.invokers.TestInvoker.invokeMethod(TestInvoker.java:687)
at org.testng.internal.invokers.TestInvoker.retryFailed(TestInvoker.java:269)
at org.testng.internal.invokers.MethodRunner.runInSequence(MethodRunner.java:76)
at org.testng.internal.invokers.TestInvoker$MethodInvocationAgent.invoke(TestInvoker.java:995)
at org.testng.internal.invokers.TestInvoker.invokeTestMethods(TestInvoker.java:203)
at org.testng.internal.invokers.TestMethodWorker.invokeTestMethods(TestMethodWorker.java:154)
at org.testng.internal.invokers.TestMethodWorker.run(TestMethodWorker.java:134)
at java.base/java.util.ArrayList.forEach(ArrayList.java:1597)
at org.testng.TestRunner.privateRun(TestRunner.java:741)
at org.testng.TestRunner.run(TestRunner.java:616)
at org.testng.SuiteRunner.runTest(SuiteRunner.java:421)
at org.testng.SuiteRunner.runSequentially(SuiteRunner.java:413)
at org.testng.SuiteRunner.privateRun(SuiteRunner.java:373)
at org.testng.SuiteRunner.run(SuiteRunner.java:312)
at org.testng.SuiteRunnerWorker.runSuite(SuiteRunnerWorker.java:52)
at org.testng.SuiteRunnerWorker.run(SuiteRunnerWorker.java:95)
at org.testng.TestNG.runSuitesSequentially(TestNG.java:1274)
at org.testng.TestNG.runSuitesLocally(TestNG.java:1208)
at org.testng.TestNG.runSuites(TestNG.java:1112)
at org.testng.TestNG.run(TestNG.java:1079)
at org.testng.remote.AbstractRemoteTestNG.run(AbstractRemoteTestNG.java:115)
at org.testng.remote.RemoteTestNG.initAndRun(RemoteTestNG.java:293)
at org.testng.remote.RemoteTestNG.main(RemoteTestNG.java:91)
]]>
    </error>
  </testcase> <!-- PracticeQuestionspageisblank -->
  <testcase classname="dsAlgo_TestClasses.Graph_TestClass" name="PracticeQuestionspageisblank" time="13.072">
    <skipped/>
  </testcase> <!-- PracticeQuestionspageisblank -->
</testsuite> <!-- dsAlgo_TestClasses.Graph_TestClass -->
